<?xml version="1.0" encoding="UTF-8"?>
<testng-results ignored="0" total="1" passed="1" failed="0" skipped="0">
  <reporter-output>
  </reporter-output>
  <suite started-at="2024-03-06T15:26:34 PST" name="Default suite" finished-at="2024-03-06T15:26:36 PST" duration-ms="2548">
    <groups>
    </groups>
    <test started-at="2024-03-06T15:26:34 PST" name="Default test" finished-at="2024-03-06T15:26:36 PST" duration-ms="2548">
      <class name="test.TestNGExtentReport">
        <test-method is-config="true" signature="BrowserLaunch()[pri:0, instance:test.TestNGExtentReport@a82c5f1]" started-at="2024-03-06T15:26:34 PST" name="BrowserLaunch" finished-at="2024-03-06T15:26:36 PST" duration-ms="2174" status="PASS">
          <reporter-output>
          </reporter-output>
        </test-method> <!-- BrowserLaunch -->
        <test-method signature="Testcase_001()[pri:0, instance:test.TestNGExtentReport@a82c5f1]" started-at="2024-03-06T15:26:36 PST" name="Testcase_001" finished-at="2024-03-06T15:26:36 PST" duration-ms="17" status="PASS">
          <reporter-output>
          </reporter-output>
        </test-method> <!-- Testcase_001 -->
        <test-method is-config="true" signature="teardown()[pri:0, instance:test.TestNGExtentReport@a82c5f1]" started-at="2024-03-06T15:26:36 PST" name="teardown" finished-at="2024-03-06T15:26:36 PST" duration-ms="328" status="PASS">
          <reporter-output>
          </reporter-output>
        </test-method> <!-- teardown -->
      </class> <!-- test.TestNGExtentReport -->
    </test> <!-- Default test -->
  </suite> <!-- Default suite -->
</testng-results>
